<?xml version="1.0" encoding="UTF-8"?>
<testsuite xmlns:xsi="http://www.w3.org/2001/XMLSchema-instance" xsi:noNamespaceSchemaLocation="https://maven.apache.org/surefire/maven-surefire-plugin/xsd/surefire-test-report.xsd" version="3.0.2" name="com.catalina.taskmanager.SettingsControllerIntegrationTest" time="1.157" tests="8" errors="0" skipped="0" failures="0">
  <properties>
    <property name="java.specification.version" value="21"/>
    <property name="sun.cpu.isalist" value="amd64"/>
    <property name="sun.jnu.encoding" value="Cp1252"/>
    <property name="java.class.path" value="C:\Users\catal\Downloads\taskmanager\taskmanager\target\test-classes;C:\Users\catal\Downloads\taskmanager\taskmanager\target\classes;C:\Users\catal\.m2\repository\org\springframework\boot\spring-boot-starter\3.4.0\spring-boot-starter-3.4.0.jar;C:\Users\catal\.m2\repository\org\springframework\boot\spring-boot\3.4.0\spring-boot-3.4.0.jar;C:\Users\catal\.m2\repository\org\springframework\spring-context\6.2.0\spring-context-6.2.0.jar;C:\Users\catal\.m2\repository\org\springframework\boot\spring-boot-autoconfigure\3.4.0\spring-boot-autoconfigure-3.4.0.jar;C:\Users\catal\.m2\repository\org\springframework\boot\spring-boot-starter-logging\3.4.0\spring-boot-starter-logging-3.4.0.jar;C:\Users\catal\.m2\repository\ch\qos\logback\logback-classic\1.5.12\logback-classic-1.5.12.jar;C:\Users\catal\.m2\repository\ch\qos\logback\logback-core\1.5.12\logback-core-1.5.12.jar;C:\Users\catal\.m2\repository\org\apache\logging\log4j\log4j-to-slf4j\2.24.1\log4j-to-slf4j-2.24.1.jar;C:\Users\catal\.m2\repository\org\apache\logging\log4j\log4j-api\2.24.1\log4j-api-2.24.1.jar;C:\Users\catal\.m2\repository\org\slf4j\jul-to-slf4j\2.0.16\jul-to-slf4j-2.0.16.jar;C:\Users\catal\.m2\repository\jakarta\annotation\jakarta.annotation-api\2.1.1\jakarta.annotation-api-2.1.1.jar;C:\Users\catal\.m2\repository\org\springframework\spring-core\6.2.0\spring-core-6.2.0.jar;C:\Users\catal\.m2\repository\org\springframework\spring-jcl\6.2.0\spring-jcl-6.2.0.jar;C:\Users\catal\.m2\repository\org\yaml\snakeyaml\2.3\snakeyaml-2.3.jar;C:\Users\catal\.m2\repository\org\springframework\boot\spring-boot-starter-test\3.4.0\spring-boot-starter-test-3.4.0.jar;C:\Users\catal\.m2\repository\org\springframework\boot\spring-boot-test\3.4.0\spring-boot-test-3.4.0.jar;C:\Users\catal\.m2\repository\org\springframework\boot\spring-boot-test-autoconfigure\3.4.0\spring-boot-test-autoconfigure-3.4.0.jar;C:\Users\catal\.m2\repository\com\jayway\jsonpath\json-path\2.9.0\json-path-2.9.0.jar;C:\Users\catal\.m2\repository\org\slf4j\slf4j-api\2.0.16\slf4j-api-2.0.16.jar;C:\Users\catal\.m2\repository\jakarta\xml\bind\jakarta.xml.bind-api\4.0.2\jakarta.xml.bind-api-4.0.2.jar;C:\Users\catal\.m2\repository\jakarta\activation\jakarta.activation-api\2.1.3\jakarta.activation-api-2.1.3.jar;C:\Users\catal\.m2\repository\net\minidev\json-smart\2.5.1\json-smart-2.5.1.jar;C:\Users\catal\.m2\repository\net\minidev\accessors-smart\2.5.1\accessors-smart-2.5.1.jar;C:\Users\catal\.m2\repository\org\ow2\asm\asm\9.6\asm-9.6.jar;C:\Users\catal\.m2\repository\org\assertj\assertj-core\3.26.3\assertj-core-3.26.3.jar;C:\Users\catal\.m2\repository\net\bytebuddy\byte-buddy\1.15.10\byte-buddy-1.15.10.jar;C:\Users\catal\.m2\repository\org\awaitility\awaitility\4.2.2\awaitility-4.2.2.jar;C:\Users\catal\.m2\repository\org\hamcrest\hamcrest\2.2\hamcrest-2.2.jar;C:\Users\catal\.m2\repository\org\junit\jupiter\junit-jupiter\5.11.3\junit-jupiter-5.11.3.jar;C:\Users\catal\.m2\repository\org\junit\jupiter\junit-jupiter-api\5.11.3\junit-jupiter-api-5.11.3.jar;C:\Users\catal\.m2\repository\org\opentest4j\opentest4j\1.3.0\opentest4j-1.3.0.jar;C:\Users\catal\.m2\repository\org\junit\platform\junit-platform-commons\1.11.3\junit-platform-commons-1.11.3.jar;C:\Users\catal\.m2\repository\org\apiguardian\apiguardian-api\1.1.2\apiguardian-api-1.1.2.jar;C:\Users\catal\.m2\repository\org\junit\jupiter\junit-jupiter-params\5.11.3\junit-jupiter-params-5.11.3.jar;C:\Users\catal\.m2\repository\org\junit\jupiter\junit-jupiter-engine\5.11.3\junit-jupiter-engine-5.11.3.jar;C:\Users\catal\.m2\repository\org\junit\platform\junit-platform-engine\1.11.3\junit-platform-engine-1.11.3.jar;C:\Users\catal\.m2\repository\org\mockito\mockito-core\5.14.2\mockito-core-5.14.2.jar;C:\Users\catal\.m2\repository\net\bytebuddy\byte-buddy-agent\1.15.10\byte-buddy-agent-1.15.10.jar;C:\Users\catal\.m2\repository\org\objenesis\objenesis\3.3\objenesis-3.3.jar;C:\Users\catal\.m2\repository\org\mockito\mockito-junit-jupiter\5.14.2\mockito-junit-jupiter-5.14.2.jar;C:\Users\catal\.m2\repository\org\skyscreamer\jsonassert\1.5.3\jsonassert-1.5.3.jar;C:\Users\catal\.m2\repository\com\vaadin\external\google\android-json\0.0.20131108.vaadin1\android-json-0.0.20131108.vaadin1.jar;C:\Users\catal\.m2\repository\org\springframework\spring-test\6.2.0\spring-test-6.2.0.jar;C:\Users\catal\.m2\repository\org\xmlunit\xmlunit-core\2.10.0\xmlunit-core-2.10.0.jar;C:\Users\catal\.m2\repository\org\springframework\security\spring-security-test\6.4.1\spring-security-test-6.4.1.jar;C:\Users\catal\.m2\repository\org\springframework\security\spring-security-core\6.4.1\spring-security-core-6.4.1.jar;C:\Users\catal\.m2\repository\org\springframework\security\spring-security-crypto\6.4.1\spring-security-crypto-6.4.1.jar;C:\Users\catal\.m2\repository\org\springframework\spring-beans\6.2.0\spring-beans-6.2.0.jar;C:\Users\catal\.m2\repository\org\springframework\spring-expression\6.2.0\spring-expression-6.2.0.jar;C:\Users\catal\.m2\repository\io\micrometer\micrometer-observation\1.14.1\micrometer-observation-1.14.1.jar;C:\Users\catal\.m2\repository\io\micrometer\micrometer-commons\1.14.1\micrometer-commons-1.14.1.jar;C:\Users\catal\.m2\repository\org\springframework\security\spring-security-web\6.4.1\spring-security-web-6.4.1.jar;C:\Users\catal\.m2\repository\org\springframework\boot\spring-boot-starter-security\3.4.0\spring-boot-starter-security-3.4.0.jar;C:\Users\catal\.m2\repository\org\springframework\spring-aop\6.2.0\spring-aop-6.2.0.jar;C:\Users\catal\.m2\repository\org\springframework\security\spring-security-config\6.4.1\spring-security-config-6.4.1.jar;C:\Users\catal\.m2\repository\org\springframework\boot\spring-boot-starter-data-jpa\3.4.0\spring-boot-starter-data-jpa-3.4.0.jar;C:\Users\catal\.m2\repository\org\springframework\boot\spring-boot-starter-jdbc\3.4.0\spring-boot-starter-jdbc-3.4.0.jar;C:\Users\catal\.m2\repository\com\zaxxer\HikariCP\5.1.0\HikariCP-5.1.0.jar;C:\Users\catal\.m2\repository\org\springframework\spring-jdbc\6.2.0\spring-jdbc-6.2.0.jar;C:\Users\catal\.m2\repository\org\hibernate\orm\hibernate-core\6.6.2.Final\hibernate-core-6.6.2.Final.jar;C:\Users\catal\.m2\repository\jakarta\persistence\jakarta.persistence-api\3.1.0\jakarta.persistence-api-3.1.0.jar;C:\Users\catal\.m2\repository\jakarta\transaction\jakarta.transaction-api\2.0.1\jakarta.transaction-api-2.0.1.jar;C:\Users\catal\.m2\repository\org\jboss\logging\jboss-logging\3.6.1.Final\jboss-logging-3.6.1.Final.jar;C:\Users\catal\.m2\repository\org\hibernate\common\hibernate-commons-annotations\7.0.3.Final\hibernate-commons-annotations-7.0.3.Final.jar;C:\Users\catal\.m2\repository\io\smallrye\jandex\3.2.0\jandex-3.2.0.jar;C:\Users\catal\.m2\repository\com\fasterxml\classmate\1.7.0\classmate-1.7.0.jar;C:\Users\catal\.m2\repository\org\glassfish\jaxb\jaxb-runtime\4.0.5\jaxb-runtime-4.0.5.jar;C:\Users\catal\.m2\repository\org\glassfish\jaxb\jaxb-core\4.0.5\jaxb-core-4.0.5.jar;C:\Users\catal\.m2\repository\org\glassfish\jaxb\txw2\4.0.5\txw2-4.0.5.jar;C:\Users\catal\.m2\repository\com\sun\istack\istack-commons-runtime\4.1.2\istack-commons-runtime-4.1.2.jar;C:\Users\catal\.m2\repository\jakarta\inject\jakarta.inject-api\2.0.1\jakarta.inject-api-2.0.1.jar;C:\Users\catal\.m2\repository\org\antlr\antlr4-runtime\4.13.0\antlr4-runtime-4.13.0.jar;C:\Users\catal\.m2\repository\org\springframework\data\spring-data-jpa\3.4.0\spring-data-jpa-3.4.0.jar;C:\Users\catal\.m2\repository\org\springframework\data\spring-data-commons\3.4.0\spring-data-commons-3.4.0.jar;C:\Users\catal\.m2\repository\org\springframework\spring-orm\6.2.0\spring-orm-6.2.0.jar;C:\Users\catal\.m2\repository\org\springframework\spring-tx\6.2.0\spring-tx-6.2.0.jar;C:\Users\catal\.m2\repository\org\springframework\spring-aspects\6.2.0\spring-aspects-6.2.0.jar;C:\Users\catal\.m2\repository\org\aspectj\aspectjweaver\1.9.22.1\aspectjweaver-1.9.22.1.jar;C:\Users\catal\.m2\repository\org\springframework\boot\spring-boot-starter-web\3.4.0\spring-boot-starter-web-3.4.0.jar;C:\Users\catal\.m2\repository\org\springframework\boot\spring-boot-starter-json\3.4.0\spring-boot-starter-json-3.4.0.jar;C:\Users\catal\.m2\repository\com\fasterxml\jackson\datatype\jackson-datatype-jdk8\2.18.1\jackson-datatype-jdk8-2.18.1.jar;C:\Users\catal\.m2\repository\com\fasterxml\jackson\datatype\jackson-datatype-jsr310\2.18.1\jackson-datatype-jsr310-2.18.1.jar;C:\Users\catal\.m2\repository\com\fasterxml\jackson\module\jackson-module-parameter-names\2.18.1\jackson-module-parameter-names-2.18.1.jar;C:\Users\catal\.m2\repository\org\springframework\boot\spring-boot-starter-tomcat\3.4.0\spring-boot-starter-tomcat-3.4.0.jar;C:\Users\catal\.m2\repository\org\apache\tomcat\embed\tomcat-embed-core\10.1.33\tomcat-embed-core-10.1.33.jar;C:\Users\catal\.m2\repository\org\apache\tomcat\embed\tomcat-embed-el\10.1.33\tomcat-embed-el-10.1.33.jar;C:\Users\catal\.m2\repository\org\apache\tomcat\embed\tomcat-embed-websocket\10.1.33\tomcat-embed-websocket-10.1.33.jar;C:\Users\catal\.m2\repository\org\springframework\spring-web\6.2.0\spring-web-6.2.0.jar;C:\Users\catal\.m2\repository\org\springframework\spring-webmvc\6.2.0\spring-webmvc-6.2.0.jar;C:\Users\catal\.m2\repository\org\springframework\boot\spring-boot-starter-thymeleaf\3.4.0\spring-boot-starter-thymeleaf-3.4.0.jar;C:\Users\catal\.m2\repository\org\thymeleaf\thymeleaf-spring6\3.1.2.RELEASE\thymeleaf-spring6-3.1.2.RELEASE.jar;C:\Users\catal\.m2\repository\org\thymeleaf\thymeleaf\3.1.2.RELEASE\thymeleaf-3.1.2.RELEASE.jar;C:\Users\catal\.m2\repository\org\attoparser\attoparser\2.0.7.RELEASE\attoparser-2.0.7.RELEASE.jar;C:\Users\catal\.m2\repository\org\unbescape\unbescape\1.1.6.RELEASE\unbescape-1.1.6.RELEASE.jar;C:\Users\catal\.m2\repository\com\mysql\mysql-connector-j\8.0.33\mysql-connector-j-8.0.33.jar;C:\Users\catal\.m2\repository\com\h2database\h2\2.3.232\h2-2.3.232.jar;C:\Users\catal\.m2\repository\com\auth0\java-jwt\4.4.0\java-jwt-4.4.0.jar;C:\Users\catal\.m2\repository\com\fasterxml\jackson\core\jackson-databind\2.18.1\jackson-databind-2.18.1.jar;C:\Users\catal\.m2\repository\com\fasterxml\jackson\core\jackson-annotations\2.18.1\jackson-annotations-2.18.1.jar;C:\Users\catal\.m2\repository\com\fasterxml\jackson\core\jackson-core\2.18.1\jackson-core-2.18.1.jar;C:\Users\catal\.m2\repository\org\springframework\boot\spring-boot-starter-mail\3.4.0\spring-boot-starter-mail-3.4.0.jar;C:\Users\catal\.m2\repository\org\springframework\spring-context-support\6.2.0\spring-context-support-6.2.0.jar;C:\Users\catal\.m2\repository\org\eclipse\angus\jakarta.mail\2.0.3\jakarta.mail-2.0.3.jar;C:\Users\catal\.m2\repository\org\eclipse\angus\angus-activation\2.0.2\angus-activation-2.0.2.jar;"/>
    <property name="java.vm.vendor" value="Oracle Corporation"/>
    <property name="sun.arch.data.model" value="64"/>
    <property name="user.variant" value=""/>
    <property name="java.vendor.url" value="https://java.oracle.com/"/>
    <property name="catalina.useNaming" value="false"/>
    <property name="user.timezone" value="Europe/Bucharest"/>
    <property name="org.jboss.logging.provider" value="slf4j"/>
    <property name="os.name" value="Windows 11"/>
    <property name="java.vm.specification.version" value="21"/>
    <property name="APPLICATION_NAME" value="taskmanager"/>
    <property name="sun.java.launcher" value="SUN_STANDARD"/>
    <property name="user.country" value="US"/>
    <property name="sun.boot.library.path" value="C:\Program Files\Java\jdk-21\bin"/>
    <property name="sun.java.command" value="C:\Users\catal\AppData\Local\Temp\surefire12569497323946399718\surefirebooter-20250128180553847_3.jar C:\Users\catal\AppData\Local\Temp\surefire12569497323946399718 2025-01-28T18-05-53_667-jvmRun1 surefire-20250128180553847_1tmp surefire_0-20250128180553847_2tmp"/>
    <property name="jdk.debug" value="release"/>
    <property name="surefire.test.class.path" value="C:\Users\catal\Downloads\taskmanager\taskmanager\target\test-classes;C:\Users\catal\Downloads\taskmanager\taskmanager\target\classes;C:\Users\catal\.m2\repository\org\springframework\boot\spring-boot-starter\3.4.0\spring-boot-starter-3.4.0.jar;C:\Users\catal\.m2\repository\org\springframework\boot\spring-boot\3.4.0\spring-boot-3.4.0.jar;C:\Users\catal\.m2\repository\org\springframework\spring-context\6.2.0\spring-context-6.2.0.jar;C:\Users\catal\.m2\repository\org\springframework\boot\spring-boot-autoconfigure\3.4.0\spring-boot-autoconfigure-3.4.0.jar;C:\Users\catal\.m2\repository\org\springframework\boot\spring-boot-starter-logging\3.4.0\spring-boot-starter-logging-3.4.0.jar;C:\Users\catal\.m2\repository\ch\qos\logback\logback-classic\1.5.12\logback-classic-1.5.12.jar;C:\Users\catal\.m2\repository\ch\qos\logback\logback-core\1.5.12\logback-core-1.5.12.jar;C:\Users\catal\.m2\repository\org\apache\logging\log4j\log4j-to-slf4j\2.24.1\log4j-to-slf4j-2.24.1.jar;C:\Users\catal\.m2\repository\org\apache\logging\log4j\log4j-api\2.24.1\log4j-api-2.24.1.jar;C:\Users\catal\.m2\repository\org\slf4j\jul-to-slf4j\2.0.16\jul-to-slf4j-2.0.16.jar;C:\Users\catal\.m2\repository\jakarta\annotation\jakarta.annotation-api\2.1.1\jakarta.annotation-api-2.1.1.jar;C:\Users\catal\.m2\repository\org\springframework\spring-core\6.2.0\spring-core-6.2.0.jar;C:\Users\catal\.m2\repository\org\springframework\spring-jcl\6.2.0\spring-jcl-6.2.0.jar;C:\Users\catal\.m2\repository\org\yaml\snakeyaml\2.3\snakeyaml-2.3.jar;C:\Users\catal\.m2\repository\org\springframework\boot\spring-boot-starter-test\3.4.0\spring-boot-starter-test-3.4.0.jar;C:\Users\catal\.m2\repository\org\springframework\boot\spring-boot-test\3.4.0\spring-boot-test-3.4.0.jar;C:\Users\catal\.m2\repository\org\springframework\boot\spring-boot-test-autoconfigure\3.4.0\spring-boot-test-autoconfigure-3.4.0.jar;C:\Users\catal\.m2\repository\com\jayway\jsonpath\json-path\2.9.0\json-path-2.9.0.jar;C:\Users\catal\.m2\repository\org\slf4j\slf4j-api\2.0.16\slf4j-api-2.0.16.jar;C:\Users\catal\.m2\repository\jakarta\xml\bind\jakarta.xml.bind-api\4.0.2\jakarta.xml.bind-api-4.0.2.jar;C:\Users\catal\.m2\repository\jakarta\activation\jakarta.activation-api\2.1.3\jakarta.activation-api-2.1.3.jar;C:\Users\catal\.m2\repository\net\minidev\json-smart\2.5.1\json-smart-2.5.1.jar;C:\Users\catal\.m2\repository\net\minidev\accessors-smart\2.5.1\accessors-smart-2.5.1.jar;C:\Users\catal\.m2\repository\org\ow2\asm\asm\9.6\asm-9.6.jar;C:\Users\catal\.m2\repository\org\assertj\assertj-core\3.26.3\assertj-core-3.26.3.jar;C:\Users\catal\.m2\repository\net\bytebuddy\byte-buddy\1.15.10\byte-buddy-1.15.10.jar;C:\Users\catal\.m2\repository\org\awaitility\awaitility\4.2.2\awaitility-4.2.2.jar;C:\Users\catal\.m2\repository\org\hamcrest\hamcrest\2.2\hamcrest-2.2.jar;C:\Users\catal\.m2\repository\org\junit\jupiter\junit-jupiter\5.11.3\junit-jupiter-5.11.3.jar;C:\Users\catal\.m2\repository\org\junit\jupiter\junit-jupiter-api\5.11.3\junit-jupiter-api-5.11.3.jar;C:\Users\catal\.m2\repository\org\opentest4j\opentest4j\1.3.0\opentest4j-1.3.0.jar;C:\Users\catal\.m2\repository\org\junit\platform\junit-platform-commons\1.11.3\junit-platform-commons-1.11.3.jar;C:\Users\catal\.m2\repository\org\apiguardian\apiguardian-api\1.1.2\apiguardian-api-1.1.2.jar;C:\Users\catal\.m2\repository\org\junit\jupiter\junit-jupiter-params\5.11.3\junit-jupiter-params-5.11.3.jar;C:\Users\catal\.m2\repository\org\junit\jupiter\junit-jupiter-engine\5.11.3\junit-jupiter-engine-5.11.3.jar;C:\Users\catal\.m2\repository\org\junit\platform\junit-platform-engine\1.11.3\junit-platform-engine-1.11.3.jar;C:\Users\catal\.m2\repository\org\mockito\mockito-core\5.14.2\mockito-core-5.14.2.jar;C:\Users\catal\.m2\repository\net\bytebuddy\byte-buddy-agent\1.15.10\byte-buddy-agent-1.15.10.jar;C:\Users\catal\.m2\repository\org\objenesis\objenesis\3.3\objenesis-3.3.jar;C:\Users\catal\.m2\repository\org\mockito\mockito-junit-jupiter\5.14.2\mockito-junit-jupiter-5.14.2.jar;C:\Users\catal\.m2\repository\org\skyscreamer\jsonassert\1.5.3\jsonassert-1.5.3.jar;C:\Users\catal\.m2\repository\com\vaadin\external\google\android-json\0.0.20131108.vaadin1\android-json-0.0.20131108.vaadin1.jar;C:\Users\catal\.m2\repository\org\springframework\spring-test\6.2.0\spring-test-6.2.0.jar;C:\Users\catal\.m2\repository\org\xmlunit\xmlunit-core\2.10.0\xmlunit-core-2.10.0.jar;C:\Users\catal\.m2\repository\org\springframework\security\spring-security-test\6.4.1\spring-security-test-6.4.1.jar;C:\Users\catal\.m2\repository\org\springframework\security\spring-security-core\6.4.1\spring-security-core-6.4.1.jar;C:\Users\catal\.m2\repository\org\springframework\security\spring-security-crypto\6.4.1\spring-security-crypto-6.4.1.jar;C:\Users\catal\.m2\repository\org\springframework\spring-beans\6.2.0\spring-beans-6.2.0.jar;C:\Users\catal\.m2\repository\org\springframework\spring-expression\6.2.0\spring-expression-6.2.0.jar;C:\Users\catal\.m2\repository\io\micrometer\micrometer-observation\1.14.1\micrometer-observation-1.14.1.jar;C:\Users\catal\.m2\repository\io\micrometer\micrometer-commons\1.14.1\micrometer-commons-1.14.1.jar;C:\Users\catal\.m2\repository\org\springframework\security\spring-security-web\6.4.1\spring-security-web-6.4.1.jar;C:\Users\catal\.m2\repository\org\springframework\boot\spring-boot-starter-security\3.4.0\spring-boot-starter-security-3.4.0.jar;C:\Users\catal\.m2\repository\org\springframework\spring-aop\6.2.0\spring-aop-6.2.0.jar;C:\Users\catal\.m2\repository\org\springframework\security\spring-security-config\6.4.1\spring-security-config-6.4.1.jar;C:\Users\catal\.m2\repository\org\springframework\boot\spring-boot-starter-data-jpa\3.4.0\spring-boot-starter-data-jpa-3.4.0.jar;C:\Users\catal\.m2\repository\org\springframework\boot\spring-boot-starter-jdbc\3.4.0\spring-boot-starter-jdbc-3.4.0.jar;C:\Users\catal\.m2\repository\com\zaxxer\HikariCP\5.1.0\HikariCP-5.1.0.jar;C:\Users\catal\.m2\repository\org\springframework\spring-jdbc\6.2.0\spring-jdbc-6.2.0.jar;C:\Users\catal\.m2\repository\org\hibernate\orm\hibernate-core\6.6.2.Final\hibernate-core-6.6.2.Final.jar;C:\Users\catal\.m2\repository\jakarta\persistence\jakarta.persistence-api\3.1.0\jakarta.persistence-api-3.1.0.jar;C:\Users\catal\.m2\repository\jakarta\transaction\jakarta.transaction-api\2.0.1\jakarta.transaction-api-2.0.1.jar;C:\Users\catal\.m2\repository\org\jboss\logging\jboss-logging\3.6.1.Final\jboss-logging-3.6.1.Final.jar;C:\Users\catal\.m2\repository\org\hibernate\common\hibernate-commons-annotations\7.0.3.Final\hibernate-commons-annotations-7.0.3.Final.jar;C:\Users\catal\.m2\repository\io\smallrye\jandex\3.2.0\jandex-3.2.0.jar;C:\Users\catal\.m2\repository\com\fasterxml\classmate\1.7.0\classmate-1.7.0.jar;C:\Users\catal\.m2\repository\org\glassfish\jaxb\jaxb-runtime\4.0.5\jaxb-runtime-4.0.5.jar;C:\Users\catal\.m2\repository\org\glassfish\jaxb\jaxb-core\4.0.5\jaxb-core-4.0.5.jar;C:\Users\catal\.m2\repository\org\glassfish\jaxb\txw2\4.0.5\txw2-4.0.5.jar;C:\Users\catal\.m2\repository\com\sun\istack\istack-commons-runtime\4.1.2\istack-commons-runtime-4.1.2.jar;C:\Users\catal\.m2\repository\jakarta\inject\jakarta.inject-api\2.0.1\jakarta.inject-api-2.0.1.jar;C:\Users\catal\.m2\repository\org\antlr\antlr4-runtime\4.13.0\antlr4-runtime-4.13.0.jar;C:\Users\catal\.m2\repository\org\springframework\data\spring-data-jpa\3.4.0\spring-data-jpa-3.4.0.jar;C:\Users\catal\.m2\repository\org\springframework\data\spring-data-commons\3.4.0\spring-data-commons-3.4.0.jar;C:\Users\catal\.m2\repository\org\springframework\spring-orm\6.2.0\spring-orm-6.2.0.jar;C:\Users\catal\.m2\repository\org\springframework\spring-tx\6.2.0\spring-tx-6.2.0.jar;C:\Users\catal\.m2\repository\org\springframework\spring-aspects\6.2.0\spring-aspects-6.2.0.jar;C:\Users\catal\.m2\repository\org\aspectj\aspectjweaver\1.9.22.1\aspectjweaver-1.9.22.1.jar;C:\Users\catal\.m2\repository\org\springframework\boot\spring-boot-starter-web\3.4.0\spring-boot-starter-web-3.4.0.jar;C:\Users\catal\.m2\repository\org\springframework\boot\spring-boot-starter-json\3.4.0\spring-boot-starter-json-3.4.0.jar;C:\Users\catal\.m2\repository\com\fasterxml\jackson\datatype\jackson-datatype-jdk8\2.18.1\jackson-datatype-jdk8-2.18.1.jar;C:\Users\catal\.m2\repository\com\fasterxml\jackson\datatype\jackson-datatype-jsr310\2.18.1\jackson-datatype-jsr310-2.18.1.jar;C:\Users\catal\.m2\repository\com\fasterxml\jackson\module\jackson-module-parameter-names\2.18.1\jackson-module-parameter-names-2.18.1.jar;C:\Users\catal\.m2\repository\org\springframework\boot\spring-boot-starter-tomcat\3.4.0\spring-boot-starter-tomcat-3.4.0.jar;C:\Users\catal\.m2\repository\org\apache\tomcat\embed\tomcat-embed-core\10.1.33\tomcat-embed-core-10.1.33.jar;C:\Users\catal\.m2\repository\org\apache\tomcat\embed\tomcat-embed-el\10.1.33\tomcat-embed-el-10.1.33.jar;C:\Users\catal\.m2\repository\org\apache\tomcat\embed\tomcat-embed-websocket\10.1.33\tomcat-embed-websocket-10.1.33.jar;C:\Users\catal\.m2\repository\org\springframework\spring-web\6.2.0\spring-web-6.2.0.jar;C:\Users\catal\.m2\repository\org\springframework\spring-webmvc\6.2.0\spring-webmvc-6.2.0.jar;C:\Users\catal\.m2\repository\org\springframework\boot\spring-boot-starter-thymeleaf\3.4.0\spring-boot-starter-thymeleaf-3.4.0.jar;C:\Users\catal\.m2\repository\org\thymeleaf\thymeleaf-spring6\3.1.2.RELEASE\thymeleaf-spring6-3.1.2.RELEASE.jar;C:\Users\catal\.m2\repository\org\thymeleaf\thymeleaf\3.1.2.RELEASE\thymeleaf-3.1.2.RELEASE.jar;C:\Users\catal\.m2\repository\org\attoparser\attoparser\2.0.7.RELEASE\attoparser-2.0.7.RELEASE.jar;C:\Users\catal\.m2\repository\org\unbescape\unbescape\1.1.6.RELEASE\unbescape-1.1.6.RELEASE.jar;C:\Users\catal\.m2\repository\com\mysql\mysql-connector-j\8.0.33\mysql-connector-j-8.0.33.jar;C:\Users\catal\.m2\repository\com\h2database\h2\2.3.232\h2-2.3.232.jar;C:\Users\catal\.m2\repository\com\auth0\java-jwt\4.4.0\java-jwt-4.4.0.jar;C:\Users\catal\.m2\repository\com\fasterxml\jackson\core\jackson-databind\2.18.1\jackson-databind-2.18.1.jar;C:\Users\catal\.m2\repository\com\fasterxml\jackson\core\jackson-annotations\2.18.1\jackson-annotations-2.18.1.jar;C:\Users\catal\.m2\repository\com\fasterxml\jackson\core\jackson-core\2.18.1\jackson-core-2.18.1.jar;C:\Users\catal\.m2\repository\org\springframework\boot\spring-boot-starter-mail\3.4.0\spring-boot-starter-mail-3.4.0.jar;C:\Users\catal\.m2\repository\org\springframework\spring-context-support\6.2.0\spring-context-support-6.2.0.jar;C:\Users\catal\.m2\repository\org\eclipse\angus\jakarta.mail\2.0.3\jakarta.mail-2.0.3.jar;C:\Users\catal\.m2\repository\org\eclipse\angus\angus-activation\2.0.2\angus-activation-2.0.2.jar;"/>
    <property name="sun.cpu.endian" value="little"/>
    <property name="user.home" value="C:\Users\catal"/>
    <property name="user.language" value="en"/>
    <property name="java.specification.vendor" value="Oracle Corporation"/>
    <property name="java.version.date" value="2024-01-16"/>
    <property name="java.home" value="C:\Program Files\Java\jdk-21"/>
    <property name="file.separator" value="\"/>
    <property name="basedir" value="C:\Users\catal\Downloads\taskmanager\taskmanager"/>
    <property name="java.vm.compressedOopsMode" value="Zero based"/>
    <property name="line.separator" value="&#10;"/>
    <property name="java.vm.specification.vendor" value="Oracle Corporation"/>
    <property name="java.specification.name" value="Java Platform API Specification"/>
    <property name="FILE_LOG_CHARSET" value="UTF-8"/>
    <property name="java.awt.headless" value="true"/>
    <property name="surefire.real.class.path" value="C:\Users\catal\AppData\Local\Temp\surefire12569497323946399718\surefirebooter-20250128180553847_3.jar"/>
    <property name="user.script" value=""/>
    <property name="sun.management.compiler" value="HotSpot 64-Bit Tiered Compilers"/>
    <property name="java.runtime.version" value="21.0.2+13-LTS-58"/>
    <property name="user.name" value="catal"/>
    <property name="stdout.encoding" value="Cp1252"/>
    <property name="path.separator" value=";"/>
    <property name="os.version" value="10.0"/>
    <property name="java.runtime.name" value="Java(TM) SE Runtime Environment"/>
    <property name="file.encoding" value="UTF-8"/>
    <property name="java.vm.name" value="Java HotSpot(TM) 64-Bit Server VM"/>
    <property name="localRepository" value="C:\Users\catal\.m2\repository"/>
    <property name="java.vendor.url.bug" value="https://bugreport.java.com/bugreport/"/>
    <property name="java.io.tmpdir" value="C:\Users\catal\AppData\Local\Temp\"/>
    <property name="com.zaxxer.hikari.pool_number" value="3"/>
    <property name="catalina.home" value="C:\Users\catal\AppData\Local\Temp\tomcat.8080.17815805909385130583"/>
    <property name="java.version" value="21.0.2"/>
    <property name="user.dir" value="C:\Users\catal\Downloads\taskmanager\taskmanager"/>
    <property name="os.arch" value="amd64"/>
    <property name="java.vm.specification.name" value="Java Virtual Machine Specification"/>
    <property name="PID" value="29448"/>
    <property name="sun.os.patch.level" value=""/>
    <property name="CONSOLE_LOG_CHARSET" value="UTF-8"/>
    <property name="catalina.base" value="C:\Users\catal\AppData\Local\Temp\tomcat.8080.17815805909385130583"/>
    <property name="native.encoding" value="Cp1252"/>
    <property name="java.library.path" value="C:\Program Files\Java\jdk-21\bin;C:\Windows\Sun\Java\bin;C:\Windows\system32;C:\Windows;C:/Program Files/Java/jdk-21/bin/server;C:/Program Files/Java/jdk-21/bin;C:\Program Files\Common Files\Oracle\Java\javapath;C:\Program Files (x86)\Common Files\Oracle\Java\javapath;C:\Windows\system32;C:\Windows;C:\Windows\System32\Wbem;C:\Windows\System32\WindowsPowerShell\v1.0\;C:\Windows\System32\OpenSSH\;C:\Program Files\Microsoft SQL Server\150\Tools\Binn\;C:\Program Files\Microsoft SQL Server\Client SDK\ODBC\170\Tools\Binn\;C:\Program Files\dotnet\;C:\Program Files (x86)\Windows Kits\10\Windows Performance Toolkit\;C:\Program Files\MATLAB\R2023b\runtime\win64;C:\Program Files\MATLAB\R2023b\bin;C:\Git\cmd;C:\Program Files\MySQL\MySQL Server 9.1\bin\;C:\Users\catal\AppData\Local\Programs\Python\Python311\Scripts\;C:\Users\catal\AppData\Local\Programs\Python\Python311\;C:\Users\catal\AppData\Local\Microsoft\WindowsApps;C:\Users\catal\.dotnet\tools;C:\Users\catal\AppData\Local\GitHubDesktop\bin;C:\Program Files\heroku\bin;C:\Users\catal\OneDrive\Desktop;;."/>
    <property name="java.vm.info" value="mixed mode, sharing"/>
    <property name="stderr.encoding" value="Cp1252"/>
    <property name="java.vendor" value="Oracle Corporation"/>
    <property name="java.vm.version" value="21.0.2+13-LTS-58"/>
    <property name="sun.io.unicode.encoding" value="UnicodeLittle"/>
    <property name="java.class.version" value="65.0"/>
    <property name="LOGGED_APPLICATION_NAME" value="[taskmanager] "/>
  </properties>
  <testcase name="enableAndDisbleTimePriorityTest" classname="com.catalina.taskmanager.SettingsControllerIntegrationTest" time="0.143">
    <system-out><![CDATA[2025-01-28T18:06:06.059+02:00  INFO 29448 --- [taskmanager] [           main] t.c.s.AnnotationConfigContextLoaderUtils : Could not detect default configuration classes for test class [com.catalina.taskmanager.SettingsControllerIntegrationTest]: SettingsControllerIntegrationTest does not declare any static, non-private, non-final, nested classes annotated with @Configuration.
2025-01-28T18:06:06.063+02:00  INFO 29448 --- [taskmanager] [           main] .b.t.c.SpringBootTestContextBootstrapper : Found @SpringBootConfiguration com.catalina.taskmanager.TaskmanagerApplication for test class com.catalina.taskmanager.SettingsControllerIntegrationTest
Hibernate: select ue1_0.id,ue1_0.background_color,ue1_0.code_expiration,ue1_0.email,ue1_0.enable_delete_after_check,ue1_0.enable_notifications,ue1_0.enable_time_priority,ue1_0.first_auth,ue1_0.password,ue1_0.username,ue1_0.verification_code,ue1_0.verified from user_entity ue1_0
Hibernate: select r1_0.user_entity_id,r1_0.roles from user_entity_roles r1_0 where r1_0.user_entity_id=?
Hibernate: select t1_0.user_id,t1_0.id,t1_0.category,t1_0.completed,t1_0.created_at,t1_0.deadline,t1_0.description,t1_0.notified,t1_0.time_left,t1_0.title from task t1_0 where t1_0.user_id=?
Hibernate: delete from user_entity_roles where user_entity_id=?
Hibernate: delete from user_entity where id=?
Hibernate: insert into user_entity (background_color,code_expiration,email,enable_delete_after_check,enable_notifications,enable_time_priority,first_auth,password,username,verification_code,verified,id) values (?,?,?,?,?,?,?,?,?,?,?,default)
Hibernate: insert into user_entity_roles (user_entity_id,roles) values (?,?)
2025-01-28T18:06:06.174+02:00 DEBUG 29448 --- [taskmanager] [           main] s.w.s.m.m.a.RequestMappingHandlerMapping : Mapped to com.catalina.taskmanager.controllers.SettingsController#disableTimePriority(Principal, RedirectAttributes)
Hibernate: select ue1_0.id,ue1_0.background_color,ue1_0.code_expiration,ue1_0.email,ue1_0.enable_delete_after_check,ue1_0.enable_notifications,ue1_0.enable_time_priority,ue1_0.first_auth,ue1_0.password,ue1_0.username,ue1_0.verification_code,ue1_0.verified from user_entity ue1_0 where ue1_0.username=?
Hibernate: select r1_0.user_entity_id,r1_0.roles from user_entity_roles r1_0 where r1_0.user_entity_id=?
Hibernate: update user_entity set background_color=?,code_expiration=?,email=?,enable_delete_after_check=?,enable_notifications=?,enable_time_priority=?,first_auth=?,password=?,username=?,verification_code=?,verified=? where id=?
2025-01-28T18:06:06.190+02:00 DEBUG 29448 --- [taskmanager] [           main] o.s.web.servlet.view.RedirectView        : View name [redirect:], model {}
Hibernate: select ue1_0.id,ue1_0.background_color,ue1_0.code_expiration,ue1_0.email,ue1_0.enable_delete_after_check,ue1_0.enable_notifications,ue1_0.enable_time_priority,ue1_0.first_auth,ue1_0.password,ue1_0.username,ue1_0.verification_code,ue1_0.verified from user_entity ue1_0
Hibernate: select r1_0.user_entity_id,r1_0.roles from user_entity_roles r1_0 where r1_0.user_entity_id=?
2025-01-28T18:06:06.196+02:00 DEBUG 29448 --- [taskmanager] [           main] s.w.s.m.m.a.RequestMappingHandlerMapping : Mapped to com.catalina.taskmanager.controllers.SettingsController#enableTimePriority(Principal, RedirectAttributes)
Hibernate: select ue1_0.id,ue1_0.background_color,ue1_0.code_expiration,ue1_0.email,ue1_0.enable_delete_after_check,ue1_0.enable_notifications,ue1_0.enable_time_priority,ue1_0.first_auth,ue1_0.password,ue1_0.username,ue1_0.verification_code,ue1_0.verified from user_entity ue1_0 where ue1_0.username=?
Hibernate: select r1_0.user_entity_id,r1_0.roles from user_entity_roles r1_0 where r1_0.user_entity_id=?
Hibernate: update user_entity set background_color=?,code_expiration=?,email=?,enable_delete_after_check=?,enable_notifications=?,enable_time_priority=?,first_auth=?,password=?,username=?,verification_code=?,verified=? where id=?
2025-01-28T18:06:06.202+02:00 DEBUG 29448 --- [taskmanager] [           main] o.s.web.servlet.view.RedirectView        : View name [redirect:], model {}
Hibernate: select ue1_0.id,ue1_0.background_color,ue1_0.code_expiration,ue1_0.email,ue1_0.enable_delete_after_check,ue1_0.enable_notifications,ue1_0.enable_time_priority,ue1_0.first_auth,ue1_0.password,ue1_0.username,ue1_0.verification_code,ue1_0.verified from user_entity ue1_0
Hibernate: select r1_0.user_entity_id,r1_0.roles from user_entity_roles r1_0 where r1_0.user_entity_id=?
]]></system-out>
  </testcase>
  <testcase name="showSettingsTest" classname="com.catalina.taskmanager.SettingsControllerIntegrationTest" time="0.13">
    <system-out><![CDATA[Hibernate: select ue1_0.id,ue1_0.background_color,ue1_0.code_expiration,ue1_0.email,ue1_0.enable_delete_after_check,ue1_0.enable_notifications,ue1_0.enable_time_priority,ue1_0.first_auth,ue1_0.password,ue1_0.username,ue1_0.verification_code,ue1_0.verified from user_entity ue1_0
Hibernate: select r1_0.user_entity_id,r1_0.roles from user_entity_roles r1_0 where r1_0.user_entity_id=?
Hibernate: select t1_0.user_id,t1_0.id,t1_0.category,t1_0.completed,t1_0.created_at,t1_0.deadline,t1_0.description,t1_0.notified,t1_0.time_left,t1_0.title from task t1_0 where t1_0.user_id=?
Hibernate: delete from user_entity_roles where user_entity_id=?
Hibernate: delete from user_entity where id=?
Hibernate: insert into user_entity (background_color,code_expiration,email,enable_delete_after_check,enable_notifications,enable_time_priority,first_auth,password,username,verification_code,verified,id) values (?,?,?,?,?,?,?,?,?,?,?,default)
Hibernate: insert into user_entity_roles (user_entity_id,roles) values (?,?)
2025-01-28T18:06:06.318+02:00 DEBUG 29448 --- [taskmanager] [           main] s.w.s.m.m.a.RequestMappingHandlerMapping : Mapped to com.catalina.taskmanager.controllers.SettingsController#showSettings(Principal, Model)
Hibernate: select ue1_0.id,ue1_0.background_color,ue1_0.code_expiration,ue1_0.email,ue1_0.enable_delete_after_check,ue1_0.enable_notifications,ue1_0.enable_time_priority,ue1_0.first_auth,ue1_0.password,ue1_0.username,ue1_0.verification_code,ue1_0.verified from user_entity ue1_0 where ue1_0.username=?
Hibernate: select r1_0.user_entity_id,r1_0.roles from user_entity_roles r1_0 where r1_0.user_entity_id=?
Hibernate: select ue1_0.id,ue1_0.background_color,ue1_0.code_expiration,ue1_0.email,ue1_0.enable_delete_after_check,ue1_0.enable_notifications,ue1_0.enable_time_priority,ue1_0.first_auth,ue1_0.password,ue1_0.username,ue1_0.verification_code,ue1_0.verified from user_entity ue1_0 where ue1_0.username=?
2025-01-28T18:06:06.325+02:00 DEBUG 29448 --- [taskmanager] [           main] o.s.w.s.v.ContentNegotiatingViewResolver : Selected '*/*' given [*/*]
]]></system-out>
  </testcase>
  <testcase name="enableTimePriorityTest" classname="com.catalina.taskmanager.SettingsControllerIntegrationTest" time="0.119">
    <system-out><![CDATA[Hibernate: select ue1_0.id,ue1_0.background_color,ue1_0.code_expiration,ue1_0.email,ue1_0.enable_delete_after_check,ue1_0.enable_notifications,ue1_0.enable_time_priority,ue1_0.first_auth,ue1_0.password,ue1_0.username,ue1_0.verification_code,ue1_0.verified from user_entity ue1_0
Hibernate: select r1_0.user_entity_id,r1_0.roles from user_entity_roles r1_0 where r1_0.user_entity_id=?
Hibernate: select t1_0.user_id,t1_0.id,t1_0.category,t1_0.completed,t1_0.created_at,t1_0.deadline,t1_0.description,t1_0.notified,t1_0.time_left,t1_0.title from task t1_0 where t1_0.user_id=?
Hibernate: delete from user_entity_roles where user_entity_id=?
Hibernate: delete from user_entity where id=?
Hibernate: insert into user_entity (background_color,code_expiration,email,enable_delete_after_check,enable_notifications,enable_time_priority,first_auth,password,username,verification_code,verified,id) values (?,?,?,?,?,?,?,?,?,?,?,default)
Hibernate: insert into user_entity_roles (user_entity_id,roles) values (?,?)
2025-01-28T18:06:06.452+02:00 DEBUG 29448 --- [taskmanager] [           main] s.w.s.m.m.a.RequestMappingHandlerMapping : Mapped to com.catalina.taskmanager.controllers.SettingsController#enableTimePriority(Principal, RedirectAttributes)
Hibernate: select ue1_0.id,ue1_0.background_color,ue1_0.code_expiration,ue1_0.email,ue1_0.enable_delete_after_check,ue1_0.enable_notifications,ue1_0.enable_time_priority,ue1_0.first_auth,ue1_0.password,ue1_0.username,ue1_0.verification_code,ue1_0.verified from user_entity ue1_0 where ue1_0.username=?
Hibernate: select r1_0.user_entity_id,r1_0.roles from user_entity_roles r1_0 where r1_0.user_entity_id=?
2025-01-28T18:06:06.457+02:00 DEBUG 29448 --- [taskmanager] [           main] o.s.web.servlet.view.RedirectView        : View name [redirect:], model {}
Hibernate: select ue1_0.id,ue1_0.background_color,ue1_0.code_expiration,ue1_0.email,ue1_0.enable_delete_after_check,ue1_0.enable_notifications,ue1_0.enable_time_priority,ue1_0.first_auth,ue1_0.password,ue1_0.username,ue1_0.verification_code,ue1_0.verified from user_entity ue1_0
Hibernate: select r1_0.user_entity_id,r1_0.roles from user_entity_roles r1_0 where r1_0.user_entity_id=?
]]></system-out>
  </testcase>
  <testcase name="changeBackgroundColorTest" classname="com.catalina.taskmanager.SettingsControllerIntegrationTest" time="0.115">
    <system-out><![CDATA[Hibernate: select ue1_0.id,ue1_0.background_color,ue1_0.code_expiration,ue1_0.email,ue1_0.enable_delete_after_check,ue1_0.enable_notifications,ue1_0.enable_time_priority,ue1_0.first_auth,ue1_0.password,ue1_0.username,ue1_0.verification_code,ue1_0.verified from user_entity ue1_0
Hibernate: select r1_0.user_entity_id,r1_0.roles from user_entity_roles r1_0 where r1_0.user_entity_id=?
Hibernate: select t1_0.user_id,t1_0.id,t1_0.category,t1_0.completed,t1_0.created_at,t1_0.deadline,t1_0.description,t1_0.notified,t1_0.time_left,t1_0.title from task t1_0 where t1_0.user_id=?
Hibernate: delete from user_entity_roles where user_entity_id=?
Hibernate: delete from user_entity where id=?
Hibernate: insert into user_entity (background_color,code_expiration,email,enable_delete_after_check,enable_notifications,enable_time_priority,first_auth,password,username,verification_code,verified,id) values (?,?,?,?,?,?,?,?,?,?,?,default)
Hibernate: insert into user_entity_roles (user_entity_id,roles) values (?,?)
2025-01-28T18:06:06.564+02:00 DEBUG 29448 --- [taskmanager] [           main] s.w.s.m.m.a.RequestMappingHandlerMapping : Mapped to com.catalina.taskmanager.controllers.SettingsController#changeBackgroundColor(String, Principal, RedirectAttributes)
Hibernate: select ue1_0.id,ue1_0.background_color,ue1_0.code_expiration,ue1_0.email,ue1_0.enable_delete_after_check,ue1_0.enable_notifications,ue1_0.enable_time_priority,ue1_0.first_auth,ue1_0.password,ue1_0.username,ue1_0.verification_code,ue1_0.verified from user_entity ue1_0 where ue1_0.username=?
Hibernate: select r1_0.user_entity_id,r1_0.roles from user_entity_roles r1_0 where r1_0.user_entity_id=?
Hibernate: update user_entity set background_color=?,code_expiration=?,email=?,enable_delete_after_check=?,enable_notifications=?,enable_time_priority=?,first_auth=?,password=?,username=?,verification_code=?,verified=? where id=?
2025-01-28T18:06:06.574+02:00 DEBUG 29448 --- [taskmanager] [           main] o.s.web.servlet.view.RedirectView        : View name [redirect:], model {}
Hibernate: select ue1_0.id,ue1_0.background_color,ue1_0.code_expiration,ue1_0.email,ue1_0.enable_delete_after_check,ue1_0.enable_notifications,ue1_0.enable_time_priority,ue1_0.first_auth,ue1_0.password,ue1_0.username,ue1_0.verification_code,ue1_0.verified from user_entity ue1_0
Hibernate: select r1_0.user_entity_id,r1_0.roles from user_entity_roles r1_0 where r1_0.user_entity_id=?
]]></system-out>
  </testcase>
  <testcase name="changePasswordTest" classname="com.catalina.taskmanager.SettingsControllerIntegrationTest" time="0.287">
    <system-out><![CDATA[Hibernate: select ue1_0.id,ue1_0.background_color,ue1_0.code_expiration,ue1_0.email,ue1_0.enable_delete_after_check,ue1_0.enable_notifications,ue1_0.enable_time_priority,ue1_0.first_auth,ue1_0.password,ue1_0.username,ue1_0.verification_code,ue1_0.verified from user_entity ue1_0
Hibernate: select r1_0.user_entity_id,r1_0.roles from user_entity_roles r1_0 where r1_0.user_entity_id=?
Hibernate: select t1_0.user_id,t1_0.id,t1_0.category,t1_0.completed,t1_0.created_at,t1_0.deadline,t1_0.description,t1_0.notified,t1_0.time_left,t1_0.title from task t1_0 where t1_0.user_id=?
Hibernate: delete from user_entity_roles where user_entity_id=?
Hibernate: delete from user_entity where id=?
Hibernate: insert into user_entity (background_color,code_expiration,email,enable_delete_after_check,enable_notifications,enable_time_priority,first_auth,password,username,verification_code,verified,id) values (?,?,?,?,?,?,?,?,?,?,?,default)
Hibernate: insert into user_entity_roles (user_entity_id,roles) values (?,?)
2025-01-28T18:06:06.684+02:00 DEBUG 29448 --- [taskmanager] [           main] s.w.s.m.m.a.RequestMappingHandlerMapping : Mapped to com.catalina.taskmanager.controllers.SettingsController#changePassword(Principal, ChangePasswordRequest, RedirectAttributes)
Hibernate: select ue1_0.id,ue1_0.background_color,ue1_0.code_expiration,ue1_0.email,ue1_0.enable_delete_after_check,ue1_0.enable_notifications,ue1_0.enable_time_priority,ue1_0.first_auth,ue1_0.password,ue1_0.username,ue1_0.verification_code,ue1_0.verified from user_entity ue1_0 where ue1_0.username=?
Hibernate: select r1_0.user_entity_id,r1_0.roles from user_entity_roles r1_0 where r1_0.user_entity_id=?
Hibernate: update user_entity set background_color=?,code_expiration=?,email=?,enable_delete_after_check=?,enable_notifications=?,enable_time_priority=?,first_auth=?,password=?,username=?,verification_code=?,verified=? where id=?
2025-01-28T18:06:06.865+02:00 DEBUG 29448 --- [taskmanager] [           main] o.s.web.servlet.view.RedirectView        : View name [redirect:], model {}
]]></system-out>
  </testcase>
  <testcase name="enableAndDisableDeleteAfterCheckTest" classname="com.catalina.taskmanager.SettingsControllerIntegrationTest" time="0.12">
    <system-out><![CDATA[Hibernate: select ue1_0.id,ue1_0.background_color,ue1_0.code_expiration,ue1_0.email,ue1_0.enable_delete_after_check,ue1_0.enable_notifications,ue1_0.enable_time_priority,ue1_0.first_auth,ue1_0.password,ue1_0.username,ue1_0.verification_code,ue1_0.verified from user_entity ue1_0
Hibernate: select r1_0.user_entity_id,r1_0.roles from user_entity_roles r1_0 where r1_0.user_entity_id=?
Hibernate: select t1_0.user_id,t1_0.id,t1_0.category,t1_0.completed,t1_0.created_at,t1_0.deadline,t1_0.description,t1_0.notified,t1_0.time_left,t1_0.title from task t1_0 where t1_0.user_id=?
Hibernate: delete from user_entity_roles where user_entity_id=?
Hibernate: delete from user_entity where id=?
Hibernate: insert into user_entity (background_color,code_expiration,email,enable_delete_after_check,enable_notifications,enable_time_priority,first_auth,password,username,verification_code,verified,id) values (?,?,?,?,?,?,?,?,?,?,?,default)
Hibernate: insert into user_entity_roles (user_entity_id,roles) values (?,?)
2025-01-28T18:06:06.973+02:00 DEBUG 29448 --- [taskmanager] [           main] s.w.s.m.m.a.RequestMappingHandlerMapping : Mapped to com.catalina.taskmanager.controllers.SettingsController#enableDeleteAfterCheck(Principal, RedirectAttributes)
Hibernate: select ue1_0.id,ue1_0.background_color,ue1_0.code_expiration,ue1_0.email,ue1_0.enable_delete_after_check,ue1_0.enable_notifications,ue1_0.enable_time_priority,ue1_0.first_auth,ue1_0.password,ue1_0.username,ue1_0.verification_code,ue1_0.verified from user_entity ue1_0 where ue1_0.username=?
Hibernate: select r1_0.user_entity_id,r1_0.roles from user_entity_roles r1_0 where r1_0.user_entity_id=?
Hibernate: update user_entity set background_color=?,code_expiration=?,email=?,enable_delete_after_check=?,enable_notifications=?,enable_time_priority=?,first_auth=?,password=?,username=?,verification_code=?,verified=? where id=?
2025-01-28T18:06:06.978+02:00 DEBUG 29448 --- [taskmanager] [           main] o.s.web.servlet.view.RedirectView        : View name [redirect:], model {}
Hibernate: select ue1_0.id,ue1_0.background_color,ue1_0.code_expiration,ue1_0.email,ue1_0.enable_delete_after_check,ue1_0.enable_notifications,ue1_0.enable_time_priority,ue1_0.first_auth,ue1_0.password,ue1_0.username,ue1_0.verification_code,ue1_0.verified from user_entity ue1_0
Hibernate: select r1_0.user_entity_id,r1_0.roles from user_entity_roles r1_0 where r1_0.user_entity_id=?
2025-01-28T18:06:06.983+02:00 DEBUG 29448 --- [taskmanager] [           main] s.w.s.m.m.a.RequestMappingHandlerMapping : Mapped to com.catalina.taskmanager.controllers.SettingsController#disableDeleteAfterCheck(Principal, RedirectAttributes)
Hibernate: select ue1_0.id,ue1_0.background_color,ue1_0.code_expiration,ue1_0.email,ue1_0.enable_delete_after_check,ue1_0.enable_notifications,ue1_0.enable_time_priority,ue1_0.first_auth,ue1_0.password,ue1_0.username,ue1_0.verification_code,ue1_0.verified from user_entity ue1_0 where ue1_0.username=?
Hibernate: select r1_0.user_entity_id,r1_0.roles from user_entity_roles r1_0 where r1_0.user_entity_id=?
Hibernate: update user_entity set background_color=?,code_expiration=?,email=?,enable_delete_after_check=?,enable_notifications=?,enable_time_priority=?,first_auth=?,password=?,username=?,verification_code=?,verified=? where id=?
2025-01-28T18:06:06.988+02:00 DEBUG 29448 --- [taskmanager] [           main] o.s.web.servlet.view.RedirectView        : View name [redirect:], model {}
Hibernate: select ue1_0.id,ue1_0.background_color,ue1_0.code_expiration,ue1_0.email,ue1_0.enable_delete_after_check,ue1_0.enable_notifications,ue1_0.enable_time_priority,ue1_0.first_auth,ue1_0.password,ue1_0.username,ue1_0.verification_code,ue1_0.verified from user_entity ue1_0
Hibernate: select r1_0.user_entity_id,r1_0.roles from user_entity_roles r1_0 where r1_0.user_entity_id=?
]]></system-out>
  </testcase>
  <testcase name="turnOnNotifTest" classname="com.catalina.taskmanager.SettingsControllerIntegrationTest" time="0.111">
    <system-out><![CDATA[Hibernate: select ue1_0.id,ue1_0.background_color,ue1_0.code_expiration,ue1_0.email,ue1_0.enable_delete_after_check,ue1_0.enable_notifications,ue1_0.enable_time_priority,ue1_0.first_auth,ue1_0.password,ue1_0.username,ue1_0.verification_code,ue1_0.verified from user_entity ue1_0
Hibernate: select r1_0.user_entity_id,r1_0.roles from user_entity_roles r1_0 where r1_0.user_entity_id=?
Hibernate: select t1_0.user_id,t1_0.id,t1_0.category,t1_0.completed,t1_0.created_at,t1_0.deadline,t1_0.description,t1_0.notified,t1_0.time_left,t1_0.title from task t1_0 where t1_0.user_id=?
Hibernate: delete from user_entity_roles where user_entity_id=?
Hibernate: delete from user_entity where id=?
Hibernate: insert into user_entity (background_color,code_expiration,email,enable_delete_after_check,enable_notifications,enable_time_priority,first_auth,password,username,verification_code,verified,id) values (?,?,?,?,?,?,?,?,?,?,?,default)
Hibernate: insert into user_entity_roles (user_entity_id,roles) values (?,?)
2025-01-28T18:06:07.093+02:00 DEBUG 29448 --- [taskmanager] [           main] s.w.s.m.m.a.RequestMappingHandlerMapping : Mapped to com.catalina.taskmanager.controllers.SettingsController#turnOnNotif(Principal, RedirectAttributes)
Hibernate: select ue1_0.id,ue1_0.background_color,ue1_0.code_expiration,ue1_0.email,ue1_0.enable_delete_after_check,ue1_0.enable_notifications,ue1_0.enable_time_priority,ue1_0.first_auth,ue1_0.password,ue1_0.username,ue1_0.verification_code,ue1_0.verified from user_entity ue1_0 where ue1_0.username=?
Hibernate: select r1_0.user_entity_id,r1_0.roles from user_entity_roles r1_0 where r1_0.user_entity_id=?
2025-01-28T18:06:07.098+02:00 DEBUG 29448 --- [taskmanager] [           main] o.s.web.servlet.view.RedirectView        : View name [redirect:], model {}
Hibernate: select ue1_0.id,ue1_0.background_color,ue1_0.code_expiration,ue1_0.email,ue1_0.enable_delete_after_check,ue1_0.enable_notifications,ue1_0.enable_time_priority,ue1_0.first_auth,ue1_0.password,ue1_0.username,ue1_0.verification_code,ue1_0.verified from user_entity ue1_0
Hibernate: select r1_0.user_entity_id,r1_0.roles from user_entity_roles r1_0 where r1_0.user_entity_id=?
]]></system-out>
  </testcase>
  <testcase name="turnOffNotifTest" classname="com.catalina.taskmanager.SettingsControllerIntegrationTest" time="0.106">
    <system-out><![CDATA[Hibernate: select ue1_0.id,ue1_0.background_color,ue1_0.code_expiration,ue1_0.email,ue1_0.enable_delete_after_check,ue1_0.enable_notifications,ue1_0.enable_time_priority,ue1_0.first_auth,ue1_0.password,ue1_0.username,ue1_0.verification_code,ue1_0.verified from user_entity ue1_0
Hibernate: select r1_0.user_entity_id,r1_0.roles from user_entity_roles r1_0 where r1_0.user_entity_id=?
Hibernate: select t1_0.user_id,t1_0.id,t1_0.category,t1_0.completed,t1_0.created_at,t1_0.deadline,t1_0.description,t1_0.notified,t1_0.time_left,t1_0.title from task t1_0 where t1_0.user_id=?
Hibernate: delete from user_entity_roles where user_entity_id=?
Hibernate: delete from user_entity where id=?
Hibernate: insert into user_entity (background_color,code_expiration,email,enable_delete_after_check,enable_notifications,enable_time_priority,first_auth,password,username,verification_code,verified,id) values (?,?,?,?,?,?,?,?,?,?,?,default)
Hibernate: insert into user_entity_roles (user_entity_id,roles) values (?,?)
2025-01-28T18:06:07.202+02:00 DEBUG 29448 --- [taskmanager] [           main] s.w.s.m.m.a.RequestMappingHandlerMapping : Mapped to com.catalina.taskmanager.controllers.SettingsController#turnOffNotif(Principal, RedirectAttributes)
Hibernate: select ue1_0.id,ue1_0.background_color,ue1_0.code_expiration,ue1_0.email,ue1_0.enable_delete_after_check,ue1_0.enable_notifications,ue1_0.enable_time_priority,ue1_0.first_auth,ue1_0.password,ue1_0.username,ue1_0.verification_code,ue1_0.verified from user_entity ue1_0 where ue1_0.username=?
Hibernate: select r1_0.user_entity_id,r1_0.roles from user_entity_roles r1_0 where r1_0.user_entity_id=?
Hibernate: update user_entity set background_color=?,code_expiration=?,email=?,enable_delete_after_check=?,enable_notifications=?,enable_time_priority=?,first_auth=?,password=?,username=?,verification_code=?,verified=? where id=?
2025-01-28T18:06:07.206+02:00 DEBUG 29448 --- [taskmanager] [           main] o.s.web.servlet.view.RedirectView        : View name [redirect:], model {}
Hibernate: select ue1_0.id,ue1_0.background_color,ue1_0.code_expiration,ue1_0.email,ue1_0.enable_delete_after_check,ue1_0.enable_notifications,ue1_0.enable_time_priority,ue1_0.first_auth,ue1_0.password,ue1_0.username,ue1_0.verification_code,ue1_0.verified from user_entity ue1_0
Hibernate: select r1_0.user_entity_id,r1_0.roles from user_entity_roles r1_0 where r1_0.user_entity_id=?
]]></system-out>
  </testcase>
</testsuite>